<?xml version="1.0" encoding="UTF-8"?>
<testsuite xmlns:xsi="http://www.w3.org/2001/XMLSchema-instance" xsi:noNamespaceSchemaLocation="https://maven.apache.org/surefire/maven-surefire-plugin/xsd/surefire-test-report-3.0.xsd" version="3.0" name="org.example.runner.runner" time="2.673" tests="13" errors="0" skipped="0" failures="13">
  <properties>
[...]
</properties>
  <testcase name="runScenario" classname="org.example.runner.runner" time="0.181">
    <failure message="The step &apos;user go to search box&apos; and 4 other step(s) are undefined.&#10;You can implement these steps using the snippet(s) below:&#10;&#10;@Given(&quot;user go to search box&quot;)&#10;public void user_go_to_search_box() {&#10;    // Write code here that turns the phrase above into concrete actions&#10;    throw new io.cucumber.java.PendingException();&#10;}&#10;@When(&quot;user enter the product {string}&quot;)&#10;public void user_enter_the_product(String string) {&#10;    // Write code here that turns the phrase above into concrete actions&#10;    throw new io.cucumber.java.PendingException();&#10;}&#10;@When(&quot;click on search button&quot;)&#10;public void click_on_search_button() {&#10;    // Write code here that turns the phrase above into concrete actions&#10;    throw new io.cucumber.java.PendingException();&#10;}&#10;@Then(&quot;each result contains the search word {string}&quot;)&#10;public void each_result_contains_the_search_word(String string) {&#10;    // Write code here that turns the phrase above into concrete actions&#10;    throw new io.cucumber.java.PendingException();&#10;}&#10;@Then(&quot;URL will change&quot;)&#10;public void url_will_change() {&#10;    // Write code here that turns the phrase above into concrete actions&#10;    throw new io.cucumber.java.PendingException();&#10;}&#10;" type="io.cucumber.testng.UndefinedStepException"><![CDATA[io.cucumber.testng.UndefinedStepException: 
The step 'user go to search box' and 4 other step(s) are undefined.
You can implement these steps using the snippet(s) below:

@Given("user go to search box")
public void user_go_to_search_box() {
    // Write code here that turns the phrase above into concrete actions
    throw new io.cucumber.java.PendingException();
}
@When("user enter the product {string}")
public void user_enter_the_product(String string) {
    // Write code here that turns the phrase above into concrete actions
    throw new io.cucumber.java.PendingException();
}
@When("click on search button")
public void click_on_search_button() {
    // Write code here that turns the phrase above into concrete actions
    throw new io.cucumber.java.PendingException();
}
@Then("each result contains the search word {string}")
public void each_result_contains_the_search_word(String string) {
    // Write code here that turns the phrase above into concrete actions
    throw new io.cucumber.java.PendingException();
}
@Then("URL will change")
public void url_will_change() {
    // Write code here that turns the phrase above into concrete actions
    throw new io.cucumber.java.PendingException();
}

]]></failure>
    <system-out><![CDATA[
@smoke
Scenario Outline: user could search using product name &amp#27;[90m# src/main/resources/features/ F04_Search.feature:12&amp#27;[0m
  &amp#27;[33mGiven &amp#27;[0m&amp#27;[33muser go to search box&amp#27;[0m
  &amp#27;[36mWhen &amp#27;[0m&amp#27;[36muser enter the product "book"&amp#27;[0m
  &amp#27;[36mAnd &amp#27;[0m&amp#27;[36mclick on search button&amp#27;[0m
  &amp#27;[36mThen &amp#27;[0m&amp#27;[36meach result contains the search word "book"&amp#27;[0m
  &amp#27;[36mAnd &amp#27;[0m&amp#27;[36mURL will change&amp#27;[0m
]]></system-out>
    <system-err><![CDATA[SLF4J: Failed to load class "org.slf4j.impl.StaticLoggerBinder".
SLF4J: Defaulting to no-operation (NOP) logger implementation
SLF4J: See http://www.slf4j.org/codes.html#StaticLoggerBinder for further details.
]]></system-err>
  </testcase>
  <testcase name="runScenario" classname="org.example.runner.runner" time="0.051">
    <failure message="The step &apos;user go to search box&apos; and 4 other step(s) are undefined.&#10;You can implement these steps using the snippet(s) below:&#10;&#10;@Given(&quot;user go to search box&quot;)&#10;public void user_go_to_search_box() {&#10;    // Write code here that turns the phrase above into concrete actions&#10;    throw new io.cucumber.java.PendingException();&#10;}&#10;@When(&quot;user enter the product {string}&quot;)&#10;public void user_enter_the_product(String string) {&#10;    // Write code here that turns the phrase above into concrete actions&#10;    throw new io.cucumber.java.PendingException();&#10;}&#10;@When(&quot;click on search button&quot;)&#10;public void click_on_search_button() {&#10;    // Write code here that turns the phrase above into concrete actions&#10;    throw new io.cucumber.java.PendingException();&#10;}&#10;@Then(&quot;each result contains the search word {string}&quot;)&#10;public void each_result_contains_the_search_word(String string) {&#10;    // Write code here that turns the phrase above into concrete actions&#10;    throw new io.cucumber.java.PendingException();&#10;}&#10;@Then(&quot;URL will change&quot;)&#10;public void url_will_change() {&#10;    // Write code here that turns the phrase above into concrete actions&#10;    throw new io.cucumber.java.PendingException();&#10;}&#10;" type="io.cucumber.testng.UndefinedStepException"><![CDATA[io.cucumber.testng.UndefinedStepException: 
The step 'user go to search box' and 4 other step(s) are undefined.
You can implement these steps using the snippet(s) below:

@Given("user go to search box")
public void user_go_to_search_box() {
    // Write code here that turns the phrase above into concrete actions
    throw new io.cucumber.java.PendingException();
}
@When("user enter the product {string}")
public void user_enter_the_product(String string) {
    // Write code here that turns the phrase above into concrete actions
    throw new io.cucumber.java.PendingException();
}
@When("click on search button")
public void click_on_search_button() {
    // Write code here that turns the phrase above into concrete actions
    throw new io.cucumber.java.PendingException();
}
@Then("each result contains the search word {string}")
public void each_result_contains_the_search_word(String string) {
    // Write code here that turns the phrase above into concrete actions
    throw new io.cucumber.java.PendingException();
}
@Then("URL will change")
public void url_will_change() {
    // Write code here that turns the phrase above into concrete actions
    throw new io.cucumber.java.PendingException();
}

]]></failure>
    <system-out><![CDATA[
@smoke
Scenario Outline: user could search using product name &amp#27;[90m# src/main/resources/features/ F04_Search.feature:13&amp#27;[0m
  &amp#27;[33mGiven &amp#27;[0m&amp#27;[33muser go to search box&amp#27;[0m
  &amp#27;[36mWhen &amp#27;[0m&amp#27;[36muser enter the product "laptop"&amp#27;[0m
  &amp#27;[36mAnd &amp#27;[0m&amp#27;[36mclick on search button&amp#27;[0m
  &amp#27;[36mThen &amp#27;[0m&amp#27;[36meach result contains the search word "laptop"&amp#27;[0m
  &amp#27;[36mAnd &amp#27;[0m&amp#27;[36mURL will change&amp#27;[0m
]]></system-out>
  </testcase>
  <testcase name="runScenario" classname="org.example.runner.runner" time="0.039">
    <failure message="The step &apos;user go to search box&apos; and 4 other step(s) are undefined.&#10;You can implement these steps using the snippet(s) below:&#10;&#10;@Given(&quot;user go to search box&quot;)&#10;public void user_go_to_search_box() {&#10;    // Write code here that turns the phrase above into concrete actions&#10;    throw new io.cucumber.java.PendingException();&#10;}&#10;@When(&quot;user enter the product {string}&quot;)&#10;public void user_enter_the_product(String string) {&#10;    // Write code here that turns the phrase above into concrete actions&#10;    throw new io.cucumber.java.PendingException();&#10;}&#10;@When(&quot;click on search button&quot;)&#10;public void click_on_search_button() {&#10;    // Write code here that turns the phrase above into concrete actions&#10;    throw new io.cucumber.java.PendingException();&#10;}&#10;@Then(&quot;each result contains the search word {string}&quot;)&#10;public void each_result_contains_the_search_word(String string) {&#10;    // Write code here that turns the phrase above into concrete actions&#10;    throw new io.cucumber.java.PendingException();&#10;}&#10;@Then(&quot;URL will change&quot;)&#10;public void url_will_change() {&#10;    // Write code here that turns the phrase above into concrete actions&#10;    throw new io.cucumber.java.PendingException();&#10;}&#10;" type="io.cucumber.testng.UndefinedStepException"><![CDATA[io.cucumber.testng.UndefinedStepException: 
The step 'user go to search box' and 4 other step(s) are undefined.
You can implement these steps using the snippet(s) below:

@Given("user go to search box")
public void user_go_to_search_box() {
    // Write code here that turns the phrase above into concrete actions
    throw new io.cucumber.java.PendingException();
}
@When("user enter the product {string}")
public void user_enter_the_product(String string) {
    // Write code here that turns the phrase above into concrete actions
    throw new io.cucumber.java.PendingException();
}
@When("click on search button")
public void click_on_search_button() {
    // Write code here that turns the phrase above into concrete actions
    throw new io.cucumber.java.PendingException();
}
@Then("each result contains the search word {string}")
public void each_result_contains_the_search_word(String string) {
    // Write code here that turns the phrase above into concrete actions
    throw new io.cucumber.java.PendingException();
}
@Then("URL will change")
public void url_will_change() {
    // Write code here that turns the phrase above into concrete actions
    throw new io.cucumber.java.PendingException();
}

]]></failure>
    <system-out><![CDATA[
@smoke
Scenario Outline: user could search using product name &amp#27;[90m# src/main/resources/features/ F04_Search.feature:14&amp#27;[0m
  &amp#27;[33mGiven &amp#27;[0m&amp#27;[33muser go to search box&amp#27;[0m
  &amp#27;[36mWhen &amp#27;[0m&amp#27;[36muser enter the product "nike"&amp#27;[0m
  &amp#27;[36mAnd &amp#27;[0m&amp#27;[36mclick on search button&amp#27;[0m
  &amp#27;[36mThen &amp#27;[0m&amp#27;[36meach result contains the search word "nike"&amp#27;[0m
  &amp#27;[36mAnd &amp#27;[0m&amp#27;[36mURL will change&amp#27;[0m
]]></system-out>
  </testcase>
  <testcase name="runScenario" classname="org.example.runner.runner" time="0.021">
    <failure message="The step &apos;user go to search box&apos; and 4 other step(s) are undefined.&#10;You can implement these steps using the snippet(s) below:&#10;&#10;@Given(&quot;user go to search box&quot;)&#10;public void user_go_to_search_box() {&#10;    // Write code here that turns the phrase above into concrete actions&#10;    throw new io.cucumber.java.PendingException();&#10;}&#10;@When(&quot;user enter the product {string}&quot;)&#10;public void user_enter_the_product(String string) {&#10;    // Write code here that turns the phrase above into concrete actions&#10;    throw new io.cucumber.java.PendingException();&#10;}&#10;@When(&quot;click on search button&quot;)&#10;public void click_on_search_button() {&#10;    // Write code here that turns the phrase above into concrete actions&#10;    throw new io.cucumber.java.PendingException();&#10;}&#10;@When(&quot;click on the product in search result&quot;)&#10;public void click_on_the_product_in_search_result() {&#10;    // Write code here that turns the phrase above into concrete actions&#10;    throw new io.cucumber.java.PendingException();&#10;}&#10;@Then(&quot;sku shown in this page contains the {string} that you are using in search&quot;)&#10;public void sku_shown_in_this_page_contains_the_that_you_are_using_in_search(String string) {&#10;    // Write code here that turns the phrase above into concrete actions&#10;    throw new io.cucumber.java.PendingException();&#10;}&#10;" type="io.cucumber.testng.UndefinedStepException"><![CDATA[io.cucumber.testng.UndefinedStepException: 
The step 'user go to search box' and 4 other step(s) are undefined.
You can implement these steps using the snippet(s) below:

@Given("user go to search box")
public void user_go_to_search_box() {
    // Write code here that turns the phrase above into concrete actions
    throw new io.cucumber.java.PendingException();
}
@When("user enter the product {string}")
public void user_enter_the_product(String string) {
    // Write code here that turns the phrase above into concrete actions
    throw new io.cucumber.java.PendingException();
}
@When("click on search button")
public void click_on_search_button() {
    // Write code here that turns the phrase above into concrete actions
    throw new io.cucumber.java.PendingException();
}
@When("click on the product in search result")
public void click_on_the_product_in_search_result() {
    // Write code here that turns the phrase above into concrete actions
    throw new io.cucumber.java.PendingException();
}
@Then("sku shown in this page contains the {string} that you are using in search")
public void sku_shown_in_this_page_contains_the_that_you_are_using_in_search(String string) {
    // Write code here that turns the phrase above into concrete actions
    throw new io.cucumber.java.PendingException();
}

]]></failure>
    <system-out><![CDATA[
@smoke
Scenario Outline: user could search for product using sku                           &amp#27;[90m# src/main/resources/features/ F04_Search.feature:24&amp#27;[0m
  &amp#27;[33mGiven &amp#27;[0m&amp#27;[33muser go to search box&amp#27;[0m
  &amp#27;[36mWhen &amp#27;[0m&amp#27;[36muser enter the product "SCI_FAITH"&amp#27;[0m
  &amp#27;[36mAnd &amp#27;[0m&amp#27;[36mclick on search button&amp#27;[0m
  &amp#27;[36mAnd &amp#27;[0m&amp#27;[36mclick on the product in search result&amp#27;[0m
  &amp#27;[36mThen &amp#27;[0m&amp#27;[36msku shown in this page contains the "SCI_FAITH" that you are using in search&amp#27;[0m
]]></system-out>
  </testcase>
  <testcase name="runScenario" classname="org.example.runner.runner" time="0.089">
    <failure message="The step &apos;user go to search box&apos; and 4 other step(s) are undefined.&#10;You can implement these steps using the snippet(s) below:&#10;&#10;@Given(&quot;user go to search box&quot;)&#10;public void user_go_to_search_box() {&#10;    // Write code here that turns the phrase above into concrete actions&#10;    throw new io.cucumber.java.PendingException();&#10;}&#10;@When(&quot;user enter the product {string}&quot;)&#10;public void user_enter_the_product(String string) {&#10;    // Write code here that turns the phrase above into concrete actions&#10;    throw new io.cucumber.java.PendingException();&#10;}&#10;@When(&quot;click on search button&quot;)&#10;public void click_on_search_button() {&#10;    // Write code here that turns the phrase above into concrete actions&#10;    throw new io.cucumber.java.PendingException();&#10;}&#10;@When(&quot;click on the product in search result&quot;)&#10;public void click_on_the_product_in_search_result() {&#10;    // Write code here that turns the phrase above into concrete actions&#10;    throw new io.cucumber.java.PendingException();&#10;}&#10;@Then(&quot;sku shown in this page contains the {string} that you are using in search&quot;)&#10;public void sku_shown_in_this_page_contains_the_that_you_are_using_in_search(String string) {&#10;    // Write code here that turns the phrase above into concrete actions&#10;    throw new io.cucumber.java.PendingException();&#10;}&#10;" type="io.cucumber.testng.UndefinedStepException"><![CDATA[io.cucumber.testng.UndefinedStepException: 
The step 'user go to search box' and 4 other step(s) are undefined.
You can implement these steps using the snippet(s) below:

@Given("user go to search box")
public void user_go_to_search_box() {
    // Write code here that turns the phrase above into concrete actions
    throw new io.cucumber.java.PendingException();
}
@When("user enter the product {string}")
public void user_enter_the_product(String string) {
    // Write code here that turns the phrase above into concrete actions
    throw new io.cucumber.java.PendingException();
}
@When("click on search button")
public void click_on_search_button() {
    // Write code here that turns the phrase above into concrete actions
    throw new io.cucumber.java.PendingException();
}
@When("click on the product in search result")
public void click_on_the_product_in_search_result() {
    // Write code here that turns the phrase above into concrete actions
    throw new io.cucumber.java.PendingException();
}
@Then("sku shown in this page contains the {string} that you are using in search")
public void sku_shown_in_this_page_contains_the_that_you_are_using_in_search(String string) {
    // Write code here that turns the phrase above into concrete actions
    throw new io.cucumber.java.PendingException();
}

]]></failure>
    <system-out><![CDATA[
@smoke
Scenario Outline: user could search for product using sku                           &amp#27;[90m# src/main/resources/features/ F04_Search.feature:25&amp#27;[0m
  &amp#27;[33mGiven &amp#27;[0m&amp#27;[33muser go to search box&amp#27;[0m
  &amp#27;[36mWhen &amp#27;[0m&amp#27;[36muser enter the product "APPLE_CAM"&amp#27;[0m
  &amp#27;[36mAnd &amp#27;[0m&amp#27;[36mclick on search button&amp#27;[0m
  &amp#27;[36mAnd &amp#27;[0m&amp#27;[36mclick on the product in search result&amp#27;[0m
  &amp#27;[36mThen &amp#27;[0m&amp#27;[36msku shown in this page contains the "APPLE_CAM" that you are using in search&amp#27;[0m
]]></system-out>
  </testcase>
  <testcase name="runScenario" classname="org.example.runner.runner" time="0.064">
    <failure message="The step &apos;user go to search box&apos; and 4 other step(s) are undefined.&#10;You can implement these steps using the snippet(s) below:&#10;&#10;@Given(&quot;user go to search box&quot;)&#10;public void user_go_to_search_box() {&#10;    // Write code here that turns the phrase above into concrete actions&#10;    throw new io.cucumber.java.PendingException();&#10;}&#10;@When(&quot;user enter the product {string}&quot;)&#10;public void user_enter_the_product(String string) {&#10;    // Write code here that turns the phrase above into concrete actions&#10;    throw new io.cucumber.java.PendingException();&#10;}&#10;@When(&quot;click on search button&quot;)&#10;public void click_on_search_button() {&#10;    // Write code here that turns the phrase above into concrete actions&#10;    throw new io.cucumber.java.PendingException();&#10;}&#10;@When(&quot;click on the product in search result&quot;)&#10;public void click_on_the_product_in_search_result() {&#10;    // Write code here that turns the phrase above into concrete actions&#10;    throw new io.cucumber.java.PendingException();&#10;}&#10;@Then(&quot;sku shown in this page contains the {string} that you are using in search&quot;)&#10;public void sku_shown_in_this_page_contains_the_that_you_are_using_in_search(String string) {&#10;    // Write code here that turns the phrase above into concrete actions&#10;    throw new io.cucumber.java.PendingException();&#10;}&#10;" type="io.cucumber.testng.UndefinedStepException"><![CDATA[io.cucumber.testng.UndefinedStepException: 
The step 'user go to search box' and 4 other step(s) are undefined.
You can implement these steps using the snippet(s) below:

@Given("user go to search box")
public void user_go_to_search_box() {
    // Write code here that turns the phrase above into concrete actions
    throw new io.cucumber.java.PendingException();
}
@When("user enter the product {string}")
public void user_enter_the_product(String string) {
    // Write code here that turns the phrase above into concrete actions
    throw new io.cucumber.java.PendingException();
}
@When("click on search button")
public void click_on_search_button() {
    // Write code here that turns the phrase above into concrete actions
    throw new io.cucumber.java.PendingException();
}
@When("click on the product in search result")
public void click_on_the_product_in_search_result() {
    // Write code here that turns the phrase above into concrete actions
    throw new io.cucumber.java.PendingException();
}
@Then("sku shown in this page contains the {string} that you are using in search")
public void sku_shown_in_this_page_contains_the_that_you_are_using_in_search(String string) {
    // Write code here that turns the phrase above into concrete actions
    throw new io.cucumber.java.PendingException();
}

]]></failure>
    <system-out><![CDATA[
@smoke
Scenario Outline: user could search for product using sku                           &amp#27;[90m# src/main/resources/features/ F04_Search.feature:26&amp#27;[0m
  &amp#27;[33mGiven &amp#27;[0m&amp#27;[33muser go to search box&amp#27;[0m
  &amp#27;[36mWhen &amp#27;[0m&amp#27;[36muser enter the product "SF_PRO_11"&amp#27;[0m
  &amp#27;[36mAnd &amp#27;[0m&amp#27;[36mclick on search button&amp#27;[0m
  &amp#27;[36mAnd &amp#27;[0m&amp#27;[36mclick on the product in search result&amp#27;[0m
  &amp#27;[36mThen &amp#27;[0m&amp#27;[36msku shown in this page contains the "SF_PRO_11" that you are using in search&amp#27;[0m
]]></system-out>
  </testcase>
  <testcase name="runScenario" classname="org.example.runner.runner" time="0.032">
    <failure message="The step &apos;user go to register page&apos; and 9 other step(s) are undefined.&#10;You can implement these steps using the snippet(s) below:&#10;&#10;@Given(&quot;user go to register page&quot;)&#10;public void user_go_to_register_page() {&#10;    // Write code here that turns the phrase above into concrete actions&#10;    throw new io.cucumber.java.PendingException();&#10;}&#10;@When(&quot;user select gender type&quot;)&#10;public void user_select_gender_type() {&#10;    // Write code here that turns the phrase above into concrete actions&#10;    throw new io.cucumber.java.PendingException();&#10;}&#10;@When(&quot;user enter first name {string}&quot;)&#10;public void user_enter_first_name(String string) {&#10;    // Write code here that turns the phrase above into concrete actions&#10;    throw new io.cucumber.java.PendingException();&#10;}&#10;@When(&quot;user enter last name {string}&quot;)&#10;public void user_enter_last_name(String string) {&#10;    // Write code here that turns the phrase above into concrete actions&#10;    throw new io.cucumber.java.PendingException();&#10;}&#10;@When(&quot;user enter date of birth&quot;)&#10;public void user_enter_date_of_birth() {&#10;    // Write code here that turns the phrase above into concrete actions&#10;    throw new io.cucumber.java.PendingException();&#10;}&#10;@When(&quot;user enter email {string} field&quot;)&#10;public void user_enter_email_field(String string) {&#10;    // Write code here that turns the phrase above into concrete actions&#10;    throw new io.cucumber.java.PendingException();&#10;}&#10;@When(&quot;user fills Password field {string}&quot;)&#10;public void user_fills_password_field(String string) {&#10;    // Write code here that turns the phrase above into concrete actions&#10;    throw new io.cucumber.java.PendingException();&#10;}&#10;@When(&quot;user fills Confirm Password Field {string}&quot;)&#10;public void user_fills_confirm_password_field(String string) {&#10;    // Write code here that turns the phrase above into concrete actions&#10;    throw new io.cucumber.java.PendingException();&#10;}&#10;@When(&quot;user clicks on register button&quot;)&#10;public void user_clicks_on_register_button() {&#10;    // Write code here that turns the phrase above into concrete actions&#10;    throw new io.cucumber.java.PendingException();&#10;}&#10;@Then(&quot;success message is displayed&quot;)&#10;public void success_message_is_displayed() {&#10;    // Write code here that turns the phrase above into concrete actions&#10;    throw new io.cucumber.java.PendingException();&#10;}&#10;" type="io.cucumber.testng.UndefinedStepException"><![CDATA[io.cucumber.testng.UndefinedStepException: 
The step 'user go to register page' and 9 other step(s) are undefined.
You can implement these steps using the snippet(s) below:

@Given("user go to register page")
public void user_go_to_register_page() {
    // Write code here that turns the phrase above into concrete actions
    throw new io.cucumber.java.PendingException();
}
@When("user select gender type")
public void user_select_gender_type() {
    // Write code here that turns the phrase above into concrete actions
    throw new io.cucumber.java.PendingException();
}
@When("user enter first name {string}")
public void user_enter_first_name(String string) {
    // Write code here that turns the phrase above into concrete actions
    throw new io.cucumber.java.PendingException();
}
@When("user enter last name {string}")
public void user_enter_last_name(String string) {
    // Write code here that turns the phrase above into concrete actions
    throw new io.cucumber.java.PendingException();
}
@When("user enter date of birth")
public void user_enter_date_of_birth() {
    // Write code here that turns the phrase above into concrete actions
    throw new io.cucumber.java.PendingException();
}
@When("user enter email {string} field")
public void user_enter_email_field(String string) {
    // Write code here that turns the phrase above into concrete actions
    throw new io.cucumber.java.PendingException();
}
@When("user fills Password field {string}")
public void user_fills_password_field(String string) {
    // Write code here that turns the phrase above into concrete actions
    throw new io.cucumber.java.PendingException();
}
@When("user fills Confirm Password Field {string}")
public void user_fills_confirm_password_field(String string) {
    // Write code here that turns the phrase above into concrete actions
    throw new io.cucumber.java.PendingException();
}
@When("user clicks on register button")
public void user_clicks_on_register_button() {
    // Write code here that turns the phrase above into concrete actions
    throw new io.cucumber.java.PendingException();
}
@Then("success message is displayed")
public void success_message_is_displayed() {
    // Write code here that turns the phrase above into concrete actions
    throw new io.cucumber.java.PendingException();
}

]]></failure>
    <system-out><![CDATA[
@smoke
Scenario: guest user could register with valid data successfully &amp#27;[90m# src/main/resources/features/F01_Register.feature:4&amp#27;[0m
  &amp#27;[33mGiven &amp#27;[0m&amp#27;[33muser go to register page&amp#27;[0m
  &amp#27;[36mWhen &amp#27;[0m&amp#27;[36muser select gender type&amp#27;[0m
  &amp#27;[36mAnd &amp#27;[0m&amp#27;[36muser enter first name "rania automation"&amp#27;[0m
  &amp#27;[36mAnd &amp#27;[0m&amp#27;[36muser enter last name "tester"&amp#27;[0m
  &amp#27;[36mAnd &amp#27;[0m&amp#27;[36muser enter date of birth&amp#27;[0m
  &amp#27;[36mAnd &amp#27;[0m&amp#27;[36muser enter email "tests@example.com" field&amp#27;[0m
  &amp#27;[36mAnd &amp#27;[0m&amp#27;[36muser fills Password field "P@ssw0rd"&amp#27;[0m
  &amp#27;[36mAnd &amp#27;[0m&amp#27;[36muser fills Confirm Password Field "P@ssw0rd"&amp#27;[0m
  &amp#27;[36mAnd &amp#27;[0m&amp#27;[36muser clicks on register button&amp#27;[0m
  &amp#27;[36mThen &amp#27;[0m&amp#27;[36msuccess message is displayed&amp#27;[0m
]]></system-out>
  </testcase>
  <testcase name="runScenario" classname="org.example.runner.runner" time="0.054">
    <failure message="The step &apos;userr go to login page&apos; and 4 other step(s) are undefined.&#10;You can implement these steps using the snippet(s) below:&#10;&#10;@Given(&quot;userr go to login page&quot;)&#10;public void userr_go_to_login_page() {&#10;    // Write code here that turns the phrase above into concrete actions&#10;    throw new io.cucumber.java.PendingException();&#10;}&#10;@When(&quot;userr login with valid email {string}&quot;)&#10;public void userr_login_with_valid_email(String string) {&#10;    // Write code here that turns the phrase above into concrete actions&#10;    throw new io.cucumber.java.PendingException();&#10;}&#10;@When(&quot;userr  should enter valid password {string}&quot;)&#10;public void userr_should_enter_valid_password(String string) {&#10;    // Write code here that turns the phrase above into concrete actions&#10;    throw new io.cucumber.java.PendingException();&#10;}&#10;@When(&quot;userr press on login button&quot;)&#10;public void userr_press_on_login_button() {&#10;    // Write code here that turns the phrase above into concrete actions&#10;    throw new io.cucumber.java.PendingException();&#10;}&#10;@Then(&quot;userr login to the system successfully&quot;)&#10;public void userr_login_to_the_system_successfully() {&#10;    // Write code here that turns the phrase above into concrete actions&#10;    throw new io.cucumber.java.PendingException();&#10;}&#10;" type="io.cucumber.testng.UndefinedStepException"><![CDATA[io.cucumber.testng.UndefinedStepException: 
The step 'userr go to login page' and 4 other step(s) are undefined.
You can implement these steps using the snippet(s) below:

@Given("userr go to login page")
public void userr_go_to_login_page() {
    // Write code here that turns the phrase above into concrete actions
    throw new io.cucumber.java.PendingException();
}
@When("userr login with valid email {string}")
public void userr_login_with_valid_email(String string) {
    // Write code here that turns the phrase above into concrete actions
    throw new io.cucumber.java.PendingException();
}
@When("userr  should enter valid password {string}")
public void userr_should_enter_valid_password(String string) {
    // Write code here that turns the phrase above into concrete actions
    throw new io.cucumber.java.PendingException();
}
@When("userr press on login button")
public void userr_press_on_login_button() {
    // Write code here that turns the phrase above into concrete actions
    throw new io.cucumber.java.PendingException();
}
@Then("userr login to the system successfully")
public void userr_login_to_the_system_successfully() {
    // Write code here that turns the phrase above into concrete actions
    throw new io.cucumber.java.PendingException();
}

]]></failure>
    <system-out><![CDATA[
@smoke
Scenario: user could login with valid email and password &amp#27;[90m# src/main/resources/features/F02_Login.feature:4&amp#27;[0m
  &amp#27;[33mGiven &amp#27;[0m&amp#27;[33muserr go to login page&amp#27;[0m
  &amp#27;[36mWhen &amp#27;[0m&amp#27;[36muserr login with valid email "tests@example.com"&amp#27;[0m
  &amp#27;[36mAnd &amp#27;[0m&amp#27;[36muserr  should enter valid password "P@ssw0rd"&amp#27;[0m
  &amp#27;[36mAnd &amp#27;[0m&amp#27;[36muserr press on login button&amp#27;[0m
  &amp#27;[36mThen &amp#27;[0m&amp#27;[36muserr login to the system successfully&amp#27;[0m
]]></system-out>
  </testcase>
  <testcase name="runScenario" classname="org.example.runner.runner" time="0.031">
    <failure message="The step &apos;userr go to login page&apos; and 4 other step(s) are undefined.&#10;You can implement these steps using the snippet(s) below:&#10;&#10;@Given(&quot;userr go to login page&quot;)&#10;public void userr_go_to_login_page() {&#10;    // Write code here that turns the phrase above into concrete actions&#10;    throw new io.cucumber.java.PendingException();&#10;}&#10;@When(&quot;userr login with invalid email {string}&quot;)&#10;public void userr_login_with_invalid_email(String string) {&#10;    // Write code here that turns the phrase above into concrete actions&#10;    throw new io.cucumber.java.PendingException();&#10;}&#10;@When(&quot;userr enter valiid {string}&quot;)&#10;public void userr_enter_valiid(String string) {&#10;    // Write code here that turns the phrase above into concrete actions&#10;    throw new io.cucumber.java.PendingException();&#10;}&#10;@When(&quot;userr press on login button&quot;)&#10;public void userr_press_on_login_button() {&#10;    // Write code here that turns the phrase above into concrete actions&#10;    throw new io.cucumber.java.PendingException();&#10;}&#10;@Then(&quot;userr could not login to the system&quot;)&#10;public void userr_could_not_login_to_the_system() {&#10;    // Write code here that turns the phrase above into concrete actions&#10;    throw new io.cucumber.java.PendingException();&#10;}&#10;" type="io.cucumber.testng.UndefinedStepException"><![CDATA[io.cucumber.testng.UndefinedStepException: 
The step 'userr go to login page' and 4 other step(s) are undefined.
You can implement these steps using the snippet(s) below:

@Given("userr go to login page")
public void userr_go_to_login_page() {
    // Write code here that turns the phrase above into concrete actions
    throw new io.cucumber.java.PendingException();
}
@When("userr login with invalid email {string}")
public void userr_login_with_invalid_email(String string) {
    // Write code here that turns the phrase above into concrete actions
    throw new io.cucumber.java.PendingException();
}
@When("userr enter valiid {string}")
public void userr_enter_valiid(String string) {
    // Write code here that turns the phrase above into concrete actions
    throw new io.cucumber.java.PendingException();
}
@When("userr press on login button")
public void userr_press_on_login_button() {
    // Write code here that turns the phrase above into concrete actions
    throw new io.cucumber.java.PendingException();
}
@Then("userr could not login to the system")
public void userr_could_not_login_to_the_system() {
    // Write code here that turns the phrase above into concrete actions
    throw new io.cucumber.java.PendingException();
}

]]></failure>
    <system-out><![CDATA[
@smoke
Scenario: user could login with invalid email and password &amp#27;[90m# src/main/resources/features/F02_Login.feature:12&amp#27;[0m
  &amp#27;[33mGiven &amp#27;[0m&amp#27;[33muserr go to login page&amp#27;[0m
  &amp#27;[36mWhen &amp#27;[0m&amp#27;[36muserr login with invalid email "wrong@example.com"&amp#27;[0m
  &amp#27;[36mAnd &amp#27;[0m&amp#27;[36muserr enter valiid "P@ssw0rd"&amp#27;[0m
  &amp#27;[36mAnd &amp#27;[0m&amp#27;[36muserr press on login button&amp#27;[0m
  &amp#27;[36mThen &amp#27;[0m&amp#27;[36muserr could not login to the system&amp#27;[0m
]]></system-out>
  </testcase>
  <testcase name="runScenario" classname="org.example.runner.runner" time="0.012">
    <failure message="The step &apos;user opens facebook link&apos; and 1 other step(s) are undefined.&#10;You can implement these steps using the snippet(s) below:&#10;&#10;@When(&quot;user opens facebook link&quot;)&#10;public void user_opens_facebook_link() {&#10;    // Write code here that turns the phrase above into concrete actions&#10;    throw new io.cucumber.java.PendingException();&#10;}&#10;@Then(&quot;{string} is opened in new tab&quot;)&#10;public void is_opened_in_new_tab(String string) {&#10;    // Write code here that turns the phrase above into concrete actions&#10;    throw new io.cucumber.java.PendingException();&#10;}&#10;" type="io.cucumber.testng.UndefinedStepException"><![CDATA[io.cucumber.testng.UndefinedStepException: 
The step 'user opens facebook link' and 1 other step(s) are undefined.
You can implement these steps using the snippet(s) below:

@When("user opens facebook link")
public void user_opens_facebook_link() {
    // Write code here that turns the phrase above into concrete actions
    throw new io.cucumber.java.PendingException();
}
@Then("{string} is opened in new tab")
public void is_opened_in_new_tab(String string) {
    // Write code here that turns the phrase above into concrete actions
    throw new io.cucumber.java.PendingException();
}

]]></failure>
    <system-out><![CDATA[
@smoke
Scenario: user opens facebook link                                 &amp#27;[90m# src/main/resources/features/F07_followUs.feature:4&amp#27;[0m
  &amp#27;[33mWhen &amp#27;[0m&amp#27;[33muser opens facebook link&amp#27;[0m
  &amp#27;[36mThen &amp#27;[0m&amp#27;[36m"https://www.facebook.com/nopCommerce" is opened in new tab&amp#27;[0m
]]></system-out>
  </testcase>
  <testcase name="runScenario" classname="org.example.runner.runner" time="0.023">
    <failure message="The step &apos;user opens twitter link&apos; and 1 other step(s) are undefined.&#10;You can implement these steps using the snippet(s) below:&#10;&#10;@When(&quot;user opens twitter link&quot;)&#10;public void user_opens_twitter_link() {&#10;    // Write code here that turns the phrase above into concrete actions&#10;    throw new io.cucumber.java.PendingException();&#10;}&#10;@Then(&quot;{string} is opened in new tab&quot;)&#10;public void is_opened_in_new_tab(String string) {&#10;    // Write code here that turns the phrase above into concrete actions&#10;    throw new io.cucumber.java.PendingException();&#10;}&#10;" type="io.cucumber.testng.UndefinedStepException"><![CDATA[io.cucumber.testng.UndefinedStepException: 
The step 'user opens twitter link' and 1 other step(s) are undefined.
You can implement these steps using the snippet(s) below:

@When("user opens twitter link")
public void user_opens_twitter_link() {
    // Write code here that turns the phrase above into concrete actions
    throw new io.cucumber.java.PendingException();
}
@Then("{string} is opened in new tab")
public void is_opened_in_new_tab(String string) {
    // Write code here that turns the phrase above into concrete actions
    throw new io.cucumber.java.PendingException();
}

]]></failure>
    <system-out><![CDATA[
@smoke
Scenario: user opens twitter link                             &amp#27;[90m# src/main/resources/features/F07_followUs.feature:8&amp#27;[0m
  &amp#27;[33mWhen &amp#27;[0m&amp#27;[33muser opens twitter link&amp#27;[0m
  &amp#27;[36mThen &amp#27;[0m&amp#27;[36m"https://twitter.com/nopCommerce" is opened in new tab&amp#27;[0m
]]></system-out>
  </testcase>
  <testcase name="runScenario" classname="org.example.runner.runner" time="0.018">
    <failure message="The step &apos;user opens rss link&apos; and 1 other step(s) are undefined.&#10;You can implement these steps using the snippet(s) below:&#10;&#10;@When(&quot;user opens rss link&quot;)&#10;public void user_opens_rss_link() {&#10;    // Write code here that turns the phrase above into concrete actions&#10;    throw new io.cucumber.java.PendingException();&#10;}&#10;@Then(&quot;{string} is opened in new tab&quot;)&#10;public void is_opened_in_new_tab(String string) {&#10;    // Write code here that turns the phrase above into concrete actions&#10;    throw new io.cucumber.java.PendingException();&#10;}&#10;" type="io.cucumber.testng.UndefinedStepException"><![CDATA[io.cucumber.testng.UndefinedStepException: 
The step 'user opens rss link' and 1 other step(s) are undefined.
You can implement these steps using the snippet(s) below:

@When("user opens rss link")
public void user_opens_rss_link() {
    // Write code here that turns the phrase above into concrete actions
    throw new io.cucumber.java.PendingException();
}
@Then("{string} is opened in new tab")
public void is_opened_in_new_tab(String string) {
    // Write code here that turns the phrase above into concrete actions
    throw new io.cucumber.java.PendingException();
}

]]></failure>
    <system-out><![CDATA[
@smoke
Scenario: user opens rss link                                                       &amp#27;[90m# src/main/resources/features/F07_followUs.feature:12&amp#27;[0m
  &amp#27;[33mWhen &amp#27;[0m&amp#27;[33muser opens rss link&amp#27;[0m
  &amp#27;[36mThen &amp#27;[0m&amp#27;[36m"https://demo.nopcommerce.com/new-online-store-is-open" is opened in new tab&amp#27;[0m
]]></system-out>
  </testcase>
  <testcase name="runScenario" classname="org.example.runner.runner" time="0.008">
    <failure message="The step &apos;user opens youtube link&apos; and 1 other step(s) are undefined.&#10;You can implement these steps using the snippet(s) below:&#10;&#10;@When(&quot;user opens youtube link&quot;)&#10;public void user_opens_youtube_link() {&#10;    // Write code here that turns the phrase above into concrete actions&#10;    throw new io.cucumber.java.PendingException();&#10;}&#10;@Then(&quot;{string} is opened in new tab&quot;)&#10;public void is_opened_in_new_tab(String string) {&#10;    // Write code here that turns the phrase above into concrete actions&#10;    throw new io.cucumber.java.PendingException();&#10;}&#10;" type="io.cucumber.testng.UndefinedStepException"><![CDATA[io.cucumber.testng.UndefinedStepException: 
The step 'user opens youtube link' and 1 other step(s) are undefined.
You can implement these steps using the snippet(s) below:

@When("user opens youtube link")
public void user_opens_youtube_link() {
    // Write code here that turns the phrase above into concrete actions
    throw new io.cucumber.java.PendingException();
}
@Then("{string} is opened in new tab")
public void is_opened_in_new_tab(String string) {
    // Write code here that turns the phrase above into concrete actions
    throw new io.cucumber.java.PendingException();
}

]]></failure>
    <system-out><![CDATA[
@smoke
Scenario: user opens youtube link                                      &amp#27;[90m# src/main/resources/features/F07_followUs.feature:16&amp#27;[0m
  &amp#27;[33mWhen &amp#27;[0m&amp#27;[33muser opens youtube link&amp#27;[0m
  &amp#27;[36mThen &amp#27;[0m&amp#27;[36m"https://www.youtube.com/user/nopCommerce" is opened in new tab&amp#27;[0m
]]></system-out>
  </testcase>
</testsuite>